

FINDING CHEAP NON-SOLD OUT ITEMS AT BODEGA

~~~~~~~~~~~~~~~~~~~~~~~~~~~~~~~~~~~~~~~~~~~~~~~~
page 0
Bodega : BODEGA SHARPIE : $4.00 : O/S

~~~~~~~~~~~~~~~~~~~~~~~~~~~~~~~~~~~~~~~~~~~~~~~~
page 1
Bodega : BODEGA SHARPIE : $4.00 : O/S

~~~~~~~~~~~~~~~~~~~~~~~~~~~~~~~~~~~~~~~~~~~~~~~~
page 2
Erase : ERASE VISUAL COMMUNICATION : $8.00 : O/S
Powers : BAN THE BOMB PIN : $8.00 (20.0% off) : Limited Quantities : O/S

~~~~~~~~~~~~~~~~~~~~~~~~~~~~~~~~~~~~~~~~~~~~~~~~
page 3
Bodega : Boston Art Book Fair Tote : $10.00

~~~~~~~~~~~~~~~~~~~~~~~~~~~~~~~~~~~~~~~~~~~~~~~~
page 4

~~~~~~~~~~~~~~~~~~~~~~~~~~~~~~~~~~~~~~~~~~~~~~~~
page 5
N/A : SOCK/FIVE : $15.00 : O/S
N/A : SOCK/SEVEN : $15.00 : Limited Quantities : O/S

~~~~~~~~~~~~~~~~~~~~~~~~~~~~~~~~~~~~~~~~~~~~~~~~
page 6
Crep : CREP PROTECT SPRAY : $16.00 : 200ml
No Bad Days : NO BAD DAYS III : $16.00 : O/S
Neighborhood : PACIFIC . LONG / INCENSE O/S : $16.00 : O/S

~~~~~~~~~~~~~~~~~~~~~~~~~~~~~~~~~~~~~~~~~~~~~~~~
page 7
N/A : SOCK/ONE : $18.00 : Limited Quantities
N/A : SOCK/THREE : $18.00 : Limited Quantities
N/A : SOCK/THREE : $18.00 : O/S
N/A : SOCK/EIGHT : $18.00 : Limited Quantities : O/S
N/A : SOCK/EIGHT : $18.00 : O/S
Gasius : TURBONG CAP : $18.00 (70.0% off) : Limited Quantities : O/S
N/A : SOCK/ELEVEN : $18.00 : Limited Quantities : O/S
N/A : SOCK/ELEVEN : $18.00 : Limited Quantities : O/S
N/A : SOCK/TWELVE : $18.00 : O/S
N/A : SOCK/TWELVE : $18.00 : O/S
N/A : SOCK/TEN : $18.00 : Limited Quantities : O/S

~~~~~~~~~~~~~~~~~~~~~~~~~~~~~~~~~~~~~~~~~~~~~~~~
page 8
By Parra : KEYCHAIN HANGING : $18.00 : Limited Quantities : O/S
By Parra : ENAMEL PINS : $18.00 : Limited Quantities : O/S

~~~~~~~~~~~~~~~~~~~~~~~~~~~~~~~~~~~~~~~~~~~~~~~~
page 9
Remio : SLEEPNER: ROSEBETON : $20.00 : Limited Quantities : O/S

~~~~~~~~~~~~~~~~~~~~~~~~~~~~~~~~~~~~~~~~~~~~~~~~
page 10
Nike : W NIKE JUVENATE WOVEN : $20.00 (80.0% off) : Limited Quantities : 5WO
LightningClutch : NEW BALANCE BOOK : $20.00 : Limited Quantities : O/S
LightningClutch : CLUTCH MAGAZINE VOL. 30 SEPTEMBER : $20.00 : O/S
Cav Empt : TPMEVAC STRIPE SOCKS : $20.00 (23.0769230769% off) : M,L
Cav Empt : TPMEVAC STRIPE SOCKS : $20.00 (23.0769230769% off) : M,L
Cav Empt : TPMEVAC STRIPE SOCKS : $20.00 (23.0769230769% off) : M,L
LightningClutch : LIGHTNING VOL. 275 : $21.00 : Limited Quantities : O/S

~~~~~~~~~~~~~~~~~~~~~~~~~~~~~~~~~~~~~~~~~~~~~~~~
page 11
LightningClutch : THE REAL MCCOY'S BOOK 2014 : $22.00 : O/S
LightningClutch : THE REAL MCCOY'S BOOK 2017 : $22.00 : O/S
LightningClutch : THE REAL MCCOY'S BOOK 2016 : $22.00 : O/S

~~~~~~~~~~~~~~~~~~~~~~~~~~~~~~~~~~~~~~~~~~~~~~~~
page 12

~~~~~~~~~~~~~~~~~~~~~~~~~~~~~~~~~~~~~~~~~~~~~~~~
page 13
LightningClutch : DENIM INDIGO STYLE : $24.00 : Limited Quantities : O/S
Nike : WOMEN'S BENASSI "JUST DO IT" : $24.00 (20.0% off) : Limited Quantities : 6WO
Powers : BAN THE BOMB STICKER : $24.00 (20.0% off) : O/S
Carhartt W.I.P. : ACRYLIC WATCH HAT : $25.00 : Limited Quantities : O/S
Remio : REMIO: 3RD EDITION : $25.00 : Limited Quantities : O/S

~~~~~~~~~~~~~~~~~~~~~~~~~~~~~~~~~~~~~~~~~~~~~~~~
page 14
DAP : LIKE ART : $25.00 : Limited Quantities : O/S

~~~~~~~~~~~~~~~~~~~~~~~~~~~~~~~~~~~~~~~~~~~~~~~~
page 15
Adidas : VISOR : $25.00 : Limited Quantities : O/S
LightningClutch : SUKA JACKET : $25.00 : O/S
Hender Scheme : PEN : $26.00 : Limited Quantities : O/S

~~~~~~~~~~~~~~~~~~~~~~~~~~~~~~~~~~~~~~~~~~~~~~~~
page 16

~~~~~~~~~~~~~~~~~~~~~~~~~~~~~~~~~~~~~~~~~~~~~~~~
page 17
Carhartt W.I.P. : ACRYLIC WATCH HAT : $28.00 : O/S
Carhartt W.I.P. : ACRYLIC WATCH HAT : $28.00 : O/S
Carhartt W.I.P. : ACRYLIC WATCH HAT : $28.00 : O/S
Carhartt W.I.P. : ACRYLIC WATCH HAT : $28.00 : Limited Quantities : O/S

~~~~~~~~~~~~~~~~~~~~~~~~~~~~~~~~~~~~~~~~~~~~~~~~
page 18
XLARGE : PICKET SS TEE : $30.00 : Limited Quantities : XL

~~~~~~~~~~~~~~~~~~~~~~~~~~~~~~~~~~~~~~~~~~~~~~~~
page 19

~~~~~~~~~~~~~~~~~~~~~~~~~~~~~~~~~~~~~~~~~~~~~~~~
page 20

~~~~~~~~~~~~~~~~~~~~~~~~~~~~~~~~~~~~~~~~~~~~~~~~
page 21
Stray Rats : FUCK YOU 5 PANEL HAT : $30.00 (21.0526315789% off) : Limited Quantities : O/S
aperture : MASKE : $30.00 : Limited Quantities : O/S
Phaidon : OH SO PRETTY: PUNK IN PRINT : $30.00 : Limited Quantities : O/S
Nike : WOMEN'S BENASSI "JUST DO IT" : $30.00 : Limited Quantities : 6WO
Stussy : SHADOW BEANIE : $30.00 : Limited Quantities : O/S
Stussy : TONAL BASIC CUFF BEANIE : $30.00 : Limited Quantities : O/S
By Parra : IPHONE CASE HANGING : $30.00 : O/S
By Parra : IPHONE CASE CENSORED : $30.00 : O/S
Nike : Women's BENASSI JUST DO IT SANDAL : $30.00 : 5WO,6WO,7WO,8WO,9WO,10WO,11WO
Pleasures : BUBBLE BEANIE : $30.00 : O/S
Pleasures : BUBBLE BEANIE : $30.00 : Limited Quantities : O/S
Stussy : SLUB INDIGO STRAPBACK CAP : $32.00 (20.0% off) : Limited Quantities : O/S

~~~~~~~~~~~~~~~~~~~~~~~~~~~~~~~~~~~~~~~~~~~~~~~~
page 22

~~~~~~~~~~~~~~~~~~~~~~~~~~~~~~~~~~~~~~~~~~~~~~~~
page 23
Stussy : SURFMAN SEERSUCKER STRAPBACK : $32.00 (20.0% off) : Limited Quantities : O/S
Nike : WOMEN'S BENASSI DUO ULTRA : $32.00 (20.0% off) : 6WO,7WO,8WO,9WO,5
Powers : BAN THE BOMB : $32.00 (20.0% off) : Limited Quantities : S
Powers : POWERS + TARGET : $32.00 (20.0% off) : Limited Quantities : S,M
Powers : POWERS + TARGET : $32.00 (20.0% off) : Limited Quantities : S,XL
Stussy : BASIC STUSSY TEE : $32.00 : Limited Quantities : L
Stussy : SOUNDS SYSTEM TEE : $32.00 : Limited Quantities : S,XXL
Pleasures : 3D LOGO HAT : $32.00 : Limited Quantities : O/S
Death Rites : GRIM REALITY S/S TSHIRT : $32.00 : Limited Quantities : S,M
Death Rites : ETERNAL NIGHTMARE S/S TSHIRT : $32.00 : Limited Quantities : S,M
Death Rites : IMMORTAL VISIONS L/S TSHIRT : $32.00 : Limited Quantities : S,XL
Death Rites : IMMORTAL VISIONS L/S TSHIRT : $32.00 : S,M,L
Death Rites : ETERNAL NIGHTMARE S/S TSHIRT : $32.00 : Limited Quantities : S,XL
Stussy : CHECKERS TEE : $32.00 : Limited Quantities : S,XXL
Nike : WOMEN'S MAYFLY LITE SI : $33.00 (70.0% off) : Limited Quantities : 5.5WO
Nike : WOMEN'S MAYFLY LITE : $33.00 (70.0% off) : Limited Quantities : 6.5WO

~~~~~~~~~~~~~~~~~~~~~~~~~~~~~~~~~~~~~~~~~~~~~~~~
page 24
Nike : NIKELAB ACG TANK : $33.00 (70.0% off) : Limited Quantities : XXL
DAP : ALCOHOL : SOVIET ANTI ALCOHOL POSTERS : $33.00 : Limited Quantities : O/S
Stray Rats : FUNKY LOGO TEE : $34.00 : Limited Quantities : S
Reebok : W ZOKU RUNNER HEATHERED : $34.00 (70.4347826087% off) : Limited Quantities : 5WO

~~~~~~~~~~~~~~~~~~~~~~~~~~~~~~~~~~~~~~~~~~~~~~~~
page 25
Stray Rats : CREATURES TEE : $34.00 : Available In Store Only
Stray Rats : CYBER HEAD : $34.00 : Available In Store Only
Stray Rats : RODENTCIDE TEE : $34.00 : Available In Store Only
Stray Rats : WAVE TEE : $34.00 : Available In Store Only
Stray Rats : RODENTCIDE TEE : $34.00 : Available In Store Only
Stray Rats : CYBER HEAD : $34.00 : Available In Store Only
Stray Rats : WAVE TEE : $34.00 : Available In Store Only
Straws USA : NUMBER FORTY TEE : $35.00 : Limited Quantities : 3XL
Straws USA : LIGHTHOUSE TEE : $35.00 : Limited Quantities : XXL

~~~~~~~~~~~~~~~~~~~~~~~~~~~~~~~~~~~~~~~~~~~~~~~~
page 26

~~~~~~~~~~~~~~~~~~~~~~~~~~~~~~~~~~~~~~~~~~~~~~~~
page 27
aperture : DANDY LION : $35.00 : Limited Quantities : O/S
The Good Company : SUMMERWAVE STRAPBACK : $35.00 : Limited Quantities : O/S
The Good Company : SALUTE SS : $35.00 : S,M,L,XL
Stussy : FULL MESH TRUCKER CAP : $35.00 : Limited Quantities : O/S
Stussy : PRISM LOGO TEE : $35.00 : Limited Quantities : XL,XXL

~~~~~~~~~~~~~~~~~~~~~~~~~~~~~~~~~~~~~~~~~~~~~~~~
page 28
Carhartt W.I.P. : MILITARY NECK POUCH : $35.00 : O/S
Carhartt W.I.P. : WATCH GLOVES : $35.00 : Limited Quantities : O/S
Carhartt W.I.P. : WATCH GLOVES : $35.00 : Limited Quantities : O/S
Stussy : SCRABBLE CUFF BEANIE : $35.00 : Limited Quantities : O/S
XLARGE : X SORAYAMA SEXY ROBOT  SS T-SHIRT : $36.00 : Limited Quantities : L

~~~~~~~~~~~~~~~~~~~~~~~~~~~~~~~~~~~~~~~~~~~~~~~~
page 29
Vans Vault : BRAIN DEAD UNCONSTRUCTED : $36.00 (20.0% off) : Limited Quantities : O/S
Stray Rats : 2 TONE USA SOCK - 2 PACK : $36.00 : Available In Store Only
Farewell : CONTRIBUTIONS TEE : $36.00 : S,M,L,XL
DAP : X RATED : ADULT MOVIE POSTERS OF THE 60s & 70s : $37.50 : Limited Quantities : O/S
Stray Rats : DOORS HAT : $38.00 : Limited Quantities : O/S

~~~~~~~~~~~~~~~~~~~~~~~~~~~~~~~~~~~~~~~~~~~~~~~~
page 30

~~~~~~~~~~~~~~~~~~~~~~~~~~~~~~~~~~~~~~~~~~~~~~~~
page 31
Say Hello : BANKIN' S/S T-SHIRT : $38.00 (20.8333333333% off) : Limited Quantities : L,XL
Say Hello : BANKIN' S/S T-SHIRT : $38.00 (20.8333333333% off) : Limited Quantities : S
Say Hello : CASH-LOGO S/S T-SHIRT : $38.00 (20.8333333333% off) : Limited Quantities : S,XL
Stussy : BASIC SWIRL PIG. DYED TEE : $38.00 : Limited Quantities : M,XXL
Stussy : BASIC STUSSY LS TEE : $38.00 : Limited Quantities : XXL
Stray Rats : 5 PANEL SNAP BACK : $38.00 : Available In Store Only
Stray Rats : 5 PANEL SNAP BACK : $38.00 : Available In Store Only
Stussy : BASIC STUSSY LS TEE : $38.00 : Limited Quantities : S,XL
Stussy : CHONGO LS TEE : $38.00 : S,L,XL
Stussy : BASIC STUSSY LS TEE : $38.00 : Limited Quantities : S,XL
Stussy : KINGSTON PIG. DYED TEE : $38.00 : S,M,L,XL
Adidas : SEAMLESS TANK : $39.00 (70.0% off) : Limited Quantities : S

~~~~~~~~~~~~~~~~~~~~~~~~~~~~~~~~~~~~~~~~~~~~~~~~
page 32
Carhartt W.I.P. : MAGNETIC TRAY : $39.00 : O/S
Stussy : SLUB INDIGO STRAPBACK CAP : $40.00 : O/S

~~~~~~~~~~~~~~~~~~~~~~~~~~~~~~~~~~~~~~~~~~~~~~~~
page 33
Straws USA : SELTZER GIRL SHORTS : $40.00 : Limited Quantities : M

~~~~~~~~~~~~~~~~~~~~~~~~~~~~~~~~~~~~~~~~~~~~~~~~
page 34
DAP : DAMN SON WHERE DID YOU FIND THIS? : $40.00 : Limited Quantities : O/S
Nike : WOMEN'S BENASSI DUO ULTRA : $40.00 : Limited Quantities : 9WO,5
Powers : SAD CROW : $40.00 : Limited Quantities : S
Powers : SAD CROW : $40.00 : Limited Quantities : S
Adidas : RUN CAP : $40.00 : Limited Quantities : O/S
Adidas : RUN CAP : $40.00 : Limited Quantities : O/S
Pleasures : VICTIMS LONG SLEEVE SHIRT : $40.00 : S,M,XL
Stussy : DOMINOS PIG. DYED PKT TEE : $40.00 : Limited Quantities : XXL
Ignored Prayers : MELT AWAY TEE : $40.00 : Limited Quantities : S,M
Ignored Prayers : MELT AWAY TEE : $40.00 : Limited Quantities : S
Death Rites : ARISE S/S TSHIRT : $40.00 : Limited Quantities : S,M,L

~~~~~~~~~~~~~~~~~~~~~~~~~~~~~~~~~~~~~~~~~~~~~~~~
page 35

~~~~~~~~~~~~~~~~~~~~~~~~~~~~~~~~~~~~~~~~~~~~~~~~
page 36
Clot : TRIBAL PHOENIX 5 PANEL CAP : $43.00 (20.3703703704% off) : O/S
Clot : TRIBAL BORDER 5 PANEL CAP : $43.00 (20.3703703704% off) : Limited Quantities : O/S
Clot : TRIBAL PHOENIX 5 PANEL CAP : $43.00 (20.3703703704% off) : Limited Quantities : O/S
Jungles Jungles : SPHINX LOGO CAP : $43.00 (20.3703703704% off) : Limited Quantities : O/S
Vans : WOMEN'S CLASSIC SLIP-ON PLATFORM : $44.00 (20.0% off) : Limited Quantities : 5WO,6.5WO,9.5WO,10.5WO

~~~~~~~~~~~~~~~~~~~~~~~~~~~~~~~~~~~~~~~~~~~~~~~~
page 37
Nike : WOMEN'S CITY KNIFE 3 FLYKNIT : $45.00 (70.0% off) : Limited Quantities : 12WO

~~~~~~~~~~~~~~~~~~~~~~~~~~~~~~~~~~~~~~~~~~~~~~~~
page 38

~~~~~~~~~~~~~~~~~~~~~~~~~~~~~~~~~~~~~~~~~~~~~~~~
page 39
Prestel : ANA KRAS IKEBANA ALBUM : $45.00 : Limited Quantities : O/S
DAP : FRED MORTAGNE : $45.00 : Limited Quantities : O/S
DAP : ED TEMPLETON : $45.00 : Limited Quantities : O/S
Carhartt W.I.P. : SMALL BAG : $45.00 : Limited Quantities : O/S
Straws USA : NYCTOPHOBIA TEE : $45.00 : Limited Quantities : S
Straws USA : S SHIRT TEE : $45.00 : Limited Quantities : XL
Brandblack : KAWA : $45.00 : 10,9,8,6,5
Brandblack : REZA : $45.00 : Limited Quantities : 11,10,9,5
LQQK Studio : OVER THE POCKET TEE : $45.00 : Limited Quantities : S
LQQK Studio : SMILEY POCKET TEE : $45.00 : S,M,L,XL
LQQK Studio : ED DAVIS TEE : $45.00 : S,M,L,XL,XXL
Ignored Prayers : IP DMT TEE : $45.00 : Limited Quantities : S,L,XL
Ignored Prayers : DANGER TEE : $45.00 : Limited Quantities : S,L
Ignored Prayers : SLAUSON 5 PANEL : $45.00 : Limited Quantities : O/S
Surf Is Dead : HONG KONG TEE : $45.00 : Limited Quantities : S,XL
Surf Is Dead : HOTLANTA TEE : $45.00 : Limited Quantities : S
Surf Is Dead : RIO TEE : $45.00 : S,M,L
Surf Is Dead : 24K TEE : $45.00 : Limited Quantities : S
Surf Is Dead : HOF BRU 2 TEE : $45.00 : Limited Quantities : M,L,XL
Surf Is Dead : HOF BRU 2 TEE : $45.00 : Limited Quantities : S,M
Converse : X FRAGMENT JP ESSENTIALS TEE : $45.00 : Limited Quantities : XXL

~~~~~~~~~~~~~~~~~~~~~~~~~~~~~~~~~~~~~~~~~~~~~~~~
page 40
GRINDLONDON : MASTERS : $45.50 : Limited Quantities : M
PRMTVO : LSP CHOSEN ONES : $48.00 : Limited Quantities : O/S
Carhartt W.I.P. : RADIO CLUB LOGO CAP : $48.00 : Limited Quantities : O/S
Carhartt W.I.P. : RADIO CLUB LOGO CAP : $48.00 : O/S

~~~~~~~~~~~~~~~~~~~~~~~~~~~~~~~~~~~~~~~~~~~~~~~~
page 41
Carhartt W.I.P. : HILL STARTER CAP : $48.00 : Limited Quantities : O/S
Vans Vault : OG AUTHENTIC LX (SUEDE/CANVAS) : $48.00 (20.0% off) : 8,8.5,9,9.5,11
Jungles Jungles : TEENAGE T-SHIRT : $48.00 (20.0% off) : Limited Quantities : S
Vans Vault : OG AUTHENTIC LX (SUEDE/CANVAS) : $48.00 (20.0% off) : 8,8.5,9,9.5,10,10.5,11,11.5,12,13
Vans Vault : OG AUTHENTIC LX (SUEDE/CANVAS) : $48.00 (20.0% off) : 9,9.5,10,10.5,13
Say Hello : SLASH B.B-CAP : $48.00 (20.0% off) : Limited Quantities : O/S
Vans Vault : OG AUTHENTIC LX : $48.00 (20.0% off) : Limited Quantities : 11.5
Carhartt W.I.P. : S/S POCKET T-SHIRT : $48.00 : Limited Quantities : S,M
Carhartt W.I.P. : S/S COLLEGE SCRIPT T-SHIRT : $48.00 : S,M,L,XL
Carhartt W.I.P. : S/S POCKET T-SHIRT : $48.00 : S,M,L,XL
Carhartt W.I.P. : S/S POCKET T-SHIRT : $48.00 : S,M,L,XL

~~~~~~~~~~~~~~~~~~~~~~~~~~~~~~~~~~~~~~~~~~~~~~~~
page 42
Carhartt W.I.P. : BACKLEY CAP : $48.00 : O/S
Carhartt W.I.P. : MADISON CAP : $48.00 : Limited Quantities : O/S
Carhartt W.I.P. : ANGLISTIC BEANIE : $48.00 : Limited Quantities : O/S
Carhartt W.I.P. : ANGLISTIC BEANIE : $48.00 : O/S
Say Hello : SFINX S/S TEE : $48.00 : S,M,L,XL
Say Hello : DREAM HOME S/S TEE : $48.00 : S,M,L,XL
Say Hello : DREAM HOME S/S TEE : $48.00 : S,M,L,XL
Say Hello : SFINX S/S TEE : $48.00 : S,M,L,XL
Alleged Press : BARRY MCGEE : $49.95 : O/S
Nike : ROSHE TWO BR : $49.99 (50.01% off) : Limited Quantities : 10.5,12,13

~~~~~~~~~~~~~~~~~~~~~~~~~~~~~~~~~~~~~~~~~~~~~~~~
page 43
Phaidon : ANDY WARHOL PORTRAITS : $50.00 : Limited Quantities : O/S
Prestel : THE LAST DAYS OF SUMMER : $50.00 : Limited Quantities : O/S
Adidas : ADISSAGE WOMEN'S : $50.00 : 5WO,6WO,10WO
Adidas : ADISSAGE W : $50.00 : 6WO,8WO,9WO,10WO
By Parra : 6 PANEL HAT FLAME HOLDER : $50.00 : Limited Quantities : O/S
By Parra : 6 PANEL HAT EYE : $50.00 : O/S

~~~~~~~~~~~~~~~~~~~~~~~~~~~~~~~~~~~~~~~~~~~~~~~~
page 44
Surf Is Dead : TOTAL BODY MELT : $50.00 : Limited Quantities : S,M
Surf Is Dead : NO SWIMMING TEE : $50.00 : Limited Quantities : S,M
Surf Is Dead : X BOW3RY ASLEEP IN THE COFFIN HAT : $50.00 : O/S
Surf Is Dead : X BOW3RY ASLEEP IN THE COFFIN HAT : $50.00 : O/S
Kristin Texeira : Kristin Texeira Screenprint  for Boston Art Book Fair : $50.00
Stray Rats : VARSITY MESH SHORT : $50.00 : Available In Store Only
Stray Rats : VARSITY MESH SHORT : $50.00 : Available In Store Only
BOW3RY : POSSESSION LOW PROFILE : $50.00 : Limited Quantities : O/S
BOW3RY : HOTLINE LOW PROFILE : $50.00 : Limited Quantities : O/S
BOW3RY : CHARLIE S/S : $50.00 : Limited Quantities : S,XL
BOW3RY : PEEP TOM S/S : $50.00 : S,M,L
Fred Perry : MONOCHROME CLASSIC CAP : $50.00 : Limited Quantities : O/S
By Parra : 6 PANEL HAT PARRA RACING : $50.00 : O/S
LQQK Studio : WORLD MAP L/S : $50.00 : Limited Quantities : S
LQQK Studio : WORLD MAP CAP : $50.00 : O/S
Ignored Prayers : OG HANDS L/S TEE : $50.00 : Limited Quantities : L
Ignored Prayers : OG HANDS L/S TEE : $50.00 : Limited Quantities : XL
Death Rites : IMMORTAL VISIONS SHORT : $50.00 : S,M,L,XL
Death Rites : IMMORTAL VISIONS SHORT : $50.00 : S,M,L,XL

~~~~~~~~~~~~~~~~~~~~~~~~~~~~~~~~~~~~~~~~~~~~~~~~
page 45
GRINDLONDON : 2 TONE : $52.00 : Limited Quantities : O/S
Gasius : COMPUTER LOVE : $52.00 : Limited Quantities : S,M,L,XL
GRINDLONDON : KEEP UP T-SHIRT : $52.00 : M,L,XL
GRINDLONDON : SADLY T-SHIRT : $52.00 : Limited Quantities : S,M,XL
GRINDLONDON : SADLY T-SHIRT : $52.00 : S,M,L,XL
Clot : TRIBAL BORDER 5 PANEL CAP : $54.00 : Limited Quantities : O/S
Jungles Jungles : SPHINX LOGO CAP : $54.00 : Limited Quantities : O/S

~~~~~~~~~~~~~~~~~~~~~~~~~~~~~~~~~~~~~~~~~~~~~~~~
page 46
Say Hello : EXCEL LOGO CAP : $55.00 : Limited Quantities : O/S

~~~~~~~~~~~~~~~~~~~~~~~~~~~~~~~~~~~~~~~~~~~~~~~~
page 47
Ingram Publishing : WHERE THE END STARTS : $55.00 : O/S
DAP : DEANNA TEMPLETON : $55.00 : Limited Quantities : O/S
Nike : M NIKELAB TEE ESSENTIALS GX : $55.00 : S,M,L,XL
Nike : NIKELAB TEE ESSENTIALS GX : $55.00 : S,M,L,XL
Nike : NIKELAB TEE ESSENTIALS GX : $55.00 : S,M,L,XL
Carhartt W.I.P. : MAJOR CAP : $55.00 : Limited Quantities : O/S
By Parra : T SHIRT NEIN : $55.00 : S,M,L
By Parra : RUNNING BEHIND : $55.00 : S,M,L,XL
By Parra : T SHIRT GET ME OUT OF HERE : $55.00 : Limited Quantities : M,L
Say Hello : TOUGH GARMENT DYE TEE : $55.00 : S,M,L
Bedwin & the Heartbreakers : PRINT T "ALANIS" : $56.00 (21.1267605634% off) : Limited Quantities : 3,4
Bedwin & the Heartbreakers : PRINT T "PHOENIX" : $56.00 (21.1267605634% off) : Limited Quantities : 2,3,4,5

~~~~~~~~~~~~~~~~~~~~~~~~~~~~~~~~~~~~~~~~~~~~~~~~
page 48
Nike : WMNS Essentials Fleece Mock : $57.00 (70.0% off) : Limited Quantities : XS
Carhartt W.I.P. : L/S POCKET T-SHIRT : $58.00 : L,XL
Gasius : BY LEON SADLER 2 : $58.00 : Limited Quantities : S,L,XL
Gasius : BY LEON SADLER 1 : $58.00 : Limited Quantities : S,M,L
Gasius : CRY LATER : $58.00 : Limited Quantities : S,XL
Gasius : GASA : $58.00 : Limited Quantities : S,M,XL
Gasius : GHOST IN THE MACHINE : $58.00 : Limited Quantities : S,M,L
Gasius : MELTDOWN : $58.00 : Limited Quantities : S,L
Carhartt W.I.P. : L/S POCKET T-SHIRT : $58.00 : Limited Quantities : S,L
Carhartt W.I.P. : L/S POCKET T-SHIRT : $58.00 : S,M,L,XL
Carhartt W.I.P. : WATCH BUCKET HAT : $58.00 : S/M,M/L
Carhartt W.I.P. : WATCH BUCKET HAT : $58.00 : S/M,M/L

~~~~~~~~~~~~~~~~~~~~~~~~~~~~~~~~~~~~~~~~~~~~~~~~
page 49
Deluxe : X RIPZINGER LOVEY TEE : $59.00 (20.2702702703% off) : Limited Quantities : XL
Deluxe : X RIPZINGER SK8 TEE : $59.00 (20.2702702703% off) : Limited Quantities : S,M,L
Nike : WOMEN'S MAYFLY WOVEN : $59.99 (50.0083333333% off) : 6.5WO,7WO,7.5WO,8WO,8.5WO
Grifters Publishing : PROBATION VACATION: LOST IN ASIA : $60.00 : Limited Quantities : O/S
Say Hello : POP DOWN L/S TEE : $60.00 : Limited Quantities : S,M
Nike : NIKELAB FREE INNEVA WVN MOTION : $60.00 (70.0% off) : Limited Quantities : 12
BOW3RY : DEATH SHOCK L/S SHIRT : $60.00 : Limited Quantities : XL
Clot : ALIEN JUJITSU HEAD T-SHIRT A : $60.00 (20.0% off) : Limited Quantities : S,L,XL
